# JRE version: OpenJDK Runtime Environment (8.0_121-b13) (build 1.8.0_121-8u121-b13-0ubuntu1.16.04.2-b13)
# Java VM: OpenJDK 64-Bit Server VM (25.121-b13 mixed mode linux-amd64 compressed oops)
Heap:
 PSYoungGen      total 278016K, used 72123K [0x0000000719600000, 0x0000000731a00000, 0x00000007c0000000)
  eden space 257024K, 28% used [0x0000000719600000,0x000000071dc6eda0,0x0000000729100000)
  from space 20992K, 0% used [0x0000000729100000,0x0000000729100000,0x000000072a580000)
  to   space 20992K, 0% used [0x0000000730580000,0x0000000730580000,0x0000000731a00000)
 ParOldGen       total 317440K, used 23615K [0x00000005cc200000, 0x00000005df800000, 0x0000000719600000)
  object space 317440K, 7% used [0x00000005cc200000,0x00000005cd90fff0,0x00000005df800000)
 Metaspace       used 35589K, capacity 35966K, committed 36568K, reserved 1081344K
  class space    used 4388K, capacity 4532K, committed 4608K, reserved 1048576K
GC Heap History (10 events):
Event: 0.676 GC heap before
{Heap before GC invocations=1 (full 0):
 PSYoungGen      total 149504K, used 128512K [0x0000000719600000, 0x0000000723c80000, 0x00000007c0000000)
  eden space 128512K, 100% used [0x0000000719600000,0x0000000721380000,0x0000000721380000)
  from space 20992K, 0% used [0x0000000722800000,0x0000000722800000,0x0000000723c80000)
  to   space 20992K, 0% used [0x0000000721380000,0x0000000721380000,0x0000000722800000)
 ParOldGen       total 341504K, used 0K [0x00000005cc200000, 0x00000005e0f80000, 0x0000000719600000)
  object space 341504K, 0% used [0x00000005cc200000,0x00000005cc200000,0x00000005e0f80000)
 Metaspace       used 18023K, capacity 18164K, committed 18560K, reserved 1064960K
  class space    used 2311K, capacity 2383K, committed 2432K, reserved 1048576K
Event: 0.684 GC heap after
Heap after GC invocations=1 (full 0):
 PSYoungGen      total 149504K, used 8273K [0x0000000719600000, 0x000000072ba00000, 0x00000007c0000000)
  eden space 128512K, 0% used [0x0000000719600000,0x0000000719600000,0x0000000721380000)
  from space 20992K, 39% used [0x0000000721380000,0x0000000721b94788,0x0000000722800000)
  to   space 20992K, 0% used [0x000000072a580000,0x000000072a580000,0x000000072ba00000)
 ParOldGen       total 341504K, used 16K [0x00000005cc200000, 0x00000005e0f80000, 0x0000000719600000)
  object space 341504K, 0% used [0x00000005cc200000,0x00000005cc204000,0x00000005e0f80000)
 Metaspace       used 18023K, capacity 18164K, committed 18560K, reserved 1064960K
  class space    used 2311K, capacity 2383K, committed 2432K, reserved 1048576K
}
Event: 0.868 GC heap before
{Heap before GC invocations=2 (full 0):
 PSYoungGen      total 149504K, used 33246K [0x0000000719600000, 0x000000072ba00000, 0x00000007c0000000)
  eden space 128512K, 19% used [0x0000000719600000,0x000000071ae63290,0x0000000721380000)
  from space 20992K, 39% used [0x0000000721380000,0x0000000721b94788,0x0000000722800000)
  to   space 20992K, 0% used [0x000000072a580000,0x000000072a580000,0x000000072ba00000)
 ParOldGen       total 341504K, used 16K [0x00000005cc200000, 0x00000005e0f80000, 0x0000000719600000)
  object space 341504K, 0% used [0x00000005cc200000,0x00000005cc204000,0x00000005e0f80000)
 Metaspace       used 20708K, capacity 20926K, committed 21248K, reserved 1067008K
  class space    used 2664K, capacity 2742K, committed 2816K, reserved 1048576K
Event: 0.875 GC heap after
Heap after GC invocations=2 (full 0):
 PSYoungGen      total 278016K, used 8168K [0x0000000719600000, 0x000000072ba00000, 0x00000007c0000000)
  eden space 257024K, 0% used [0x0000000719600000,0x0000000719600000,0x0000000729100000)
  from space 20992K, 38% used [0x000000072a580000,0x000000072ad7a0e8,0x000000072ba00000)
  to   space 20992K, 0% used [0x0000000729100000,0x0000000729100000,0x000000072a580000)
 ParOldGen       total 341504K, used 32K [0x00000005cc200000, 0x00000005e0f80000, 0x0000000719600000)
  object space 341504K, 0% used [0x00000005cc200000,0x00000005cc208000,0x00000005e0f80000)
 Metaspace       used 20708K, capacity 20926K, committed 21248K, reserved 1067008K
  class space    used 2664K, capacity 2742K, committed 2816K, reserved 1048576K
}
Event: 0.875 GC heap before
{Heap before GC invocations=3 (full 1):
 PSYoungGen      total 278016K, used 8168K [0x0000000719600000, 0x000000072ba00000, 0x00000007c0000000)
  eden space 257024K, 0% used [0x0000000719600000,0x0000000719600000,0x0000000729100000)
  from space 20992K, 38% used [0x000000072a580000,0x000000072ad7a0e8,0x000000072ba00000)
  to   space 20992K, 0% used [0x0000000729100000,0x0000000729100000,0x000000072a580000)
 ParOldGen       total 341504K, used 32K [0x00000005cc200000, 0x00000005e0f80000, 0x0000000719600000)
  object space 341504K, 0% used [0x00000005cc200000,0x00000005cc208000,0x00000005e0f80000)
 Metaspace       used 20708K, capacity 20926K, committed 21248K, reserved 1067008K
  class space    used 2664K, capacity 2742K, committed 2816K, reserved 1048576K
Event: 0.900 GC heap after
Heap after GC invocations=3 (full 1):
 PSYoungGen      total 278016K, used 0K [0x0000000719600000, 0x000000072ba00000, 0x00000007c0000000)
  eden space 257024K, 0% used [0x0000000719600000,0x0000000719600000,0x0000000729100000)
  from space 20992K, 0% used [0x000000072a580000,0x000000072a580000,0x000000072ba00000)
  to   space 20992K, 0% used [0x0000000729100000,0x0000000729100000,0x000000072a580000)
 ParOldGen       total 204288K, used 7968K [0x00000005cc200000, 0x00000005d8980000, 0x0000000719600000)
  object space 204288K, 3% used [0x00000005cc200000,0x00000005cc9c8068,0x00000005d8980000)
 Metaspace       used 20708K, capacity 20926K, committed 21248K, reserved 1067008K
  class space    used 2664K, capacity 2742K, committed 2816K, reserved 1048576K
}
Event: 12.822 GC heap before
{Heap before GC invocations=4 (full 1):
 PSYoungGen      total 278016K, used 82441K [0x0000000719600000, 0x000000072ba00000, 0x00000007c0000000)
  eden space 257024K, 32% used [0x0000000719600000,0x000000071e682628,0x0000000729100000)
  from space 20992K, 0% used [0x000000072a580000,0x000000072a580000,0x000000072ba00000)
  to   space 20992K, 0% used [0x0000000729100000,0x0000000729100000,0x000000072a580000)
 ParOldGen       total 204288K, used 7968K [0x00000005cc200000, 0x00000005d8980000, 0x0000000719600000)
  object space 204288K, 3% used [0x00000005cc200000,0x00000005cc9c8068,0x00000005d8980000)
 Metaspace       used 34640K, capacity 35048K, committed 35416K, reserved 1081344K
  class space    used 4304K, capacity 4463K, committed 4480K, reserved 1048576K
Event: 12.833 GC heap after
Heap after GC invocations=4 (full 1):
 PSYoungGen      total 278016K, used 17256K [0x0000000719600000, 0x0000000731a00000, 0x00000007c0000000)
  eden space 257024K, 0% used [0x0000000719600000,0x0000000719600000,0x0000000729100000)
  from space 20992K, 82% used [0x0000000729100000,0x000000072a1da048,0x000000072a580000)
  to   space 20992K, 0% used [0x0000000730580000,0x0000000730580000,0x0000000731a00000)
 ParOldGen       total 204288K, used 8040K [0x00000005cc200000, 0x00000005d8980000, 0x0000000719600000)
  object space 204288K, 3% used [0x00000005cc200000,0x00000005cc9da078,0x00000005d8980000)
 Metaspace       used 34640K, capacity 35048K, committed 35416K, reserved 1081344K
  class space    used 4304K, capacity 4463K, committed 4480K, reserved 1048576K
}
Event: 12.833 GC heap before
{Heap before GC invocations=5 (full 2):
 PSYoungGen      total 278016K, used 17256K [0x0000000719600000, 0x0000000731a00000, 0x00000007c0000000)
  eden space 257024K, 0% used [0x0000000719600000,0x0000000719600000,0x0000000729100000)
  from space 20992K, 82% used [0x0000000729100000,0x000000072a1da048,0x000000072a580000)
  to   space 20992K, 0% used [0x0000000730580000,0x0000000730580000,0x0000000731a00000)
 ParOldGen       total 204288K, used 8040K [0x00000005cc200000, 0x00000005d8980000, 0x0000000719600000)
  object space 204288K, 3% used [0x00000005cc200000,0x00000005cc9da078,0x00000005d8980000)
 Metaspace       used 34640K, capacity 35048K, committed 35416K, reserved 1081344K
  class space    used 4304K, capacity 4463K, committed 4480K, reserved 1048576K
Event: 12.903 GC heap after
Heap after GC invocations=5 (full 2):
 PSYoungGen      total 278016K, used 0K [0x0000000719600000, 0x0000000731a00000, 0x00000007c0000000)
  eden space 257024K, 0% used [0x0000000719600000,0x0000000719600000,0x0000000729100000)
  from space 20992K, 0% used [0x0000000729100000,0x0000000729100000,0x000000072a580000)
  to   space 20992K, 0% used [0x0000000730580000,0x0000000730580000,0x0000000731a00000)
 ParOldGen       total 317440K, used 23615K [0x00000005cc200000, 0x00000005df800000, 0x0000000719600000)
  object space 317440K, 7% used [0x00000005cc200000,0x00000005cd90fff0,0x00000005df800000)
 Metaspace       used 34640K, capacity 35048K, committed 35416K, reserved 1081344K
  class space    used 4304K, capacity 4463K, committed 4480K, reserved 1048576K
}

